[31m[E0031] Error:[0m module not found
   [38;5;246m╭[0m[38;5;246m─[0m[38;5;246m[[0m .tmp/m034-s01-research-build/main.mpl:1:1 [38;5;246m][0m
   [38;5;246m│[0m
 [38;5;246m1 │[0m [31mf[0m[31mr[0m[31mo[0m[31mm[0m[31m [0m[31mS[0m[31ml[0m[31mu[0m[31mg[0m[31m [0m[31mi[0m[31mm[0m[31mp[0m[31mo[0m[31mr[0m[31mt[0m[31m [0m[31ms[0m[31ml[0m[31mu[0m[31mg[0m[38;5;249mi[0m[38;5;249mf[0m[38;5;249my[0m
 [38;5;240m  │[0m [31m─[0m[31m─[0m[31m─[0m[31m─[0m[31m─[0m[31m─[0m[31m─[0m[31m─[0m[31m─[0m[31m─[0m[31m┬[0m[31m─[0m[31m─[0m[31m─[0m[31m─[0m[31m─[0m[31m─[0m[31m─[0m[31m─[0m[31m─[0m[31m─[0m  
 [38;5;240m  │[0m           [31m╰[0m[31m─[0m[31m─[0m[31m─[0m[31m─[0m[31m─[0m[31m─[0m[31m─[0m[31m─[0m[31m─[0m[31m─[0m[31m─[0m[31m─[0m module `Slug` not found
[38;5;246m───╯[0m
[31m[E0004] Error:[0m undefined variable: slugify
   [38;5;246m╭[0m[38;5;246m─[0m[38;5;246m[[0m .tmp/m034-s01-research-build/main.mpl:4:4 [38;5;246m][0m
   [38;5;246m│[0m
 [38;5;246m4 │[0m [38;5;249m [0m[38;5;249m [0m[38;5;249mp[0m[31mr[0m[31mi[0m[31mn[0m[31mt[0m[31ml[0m[31mn[0m[31m([0m[38;5;249ms[0m[38;5;249ml[0m[38;5;249mu[0m[38;5;249mg[0m[38;5;249mi[0m[38;5;249mf[0m[38;5;249my[0m[38;5;249m([0m[38;5;249m"[0m[38;5;249mH[0m[38;5;249me[0m[38;5;249ml[0m[38;5;249ml[0m[38;5;249mo[0m[38;5;249m [0m[38;5;249mM[0m[38;5;249me[0m[38;5;249ms[0m[38;5;249mh[0m[38;5;249m"[0m[38;5;249m)[0m[38;5;249m)[0m
 [38;5;240m  │[0m    [31m─[0m[31m─[0m[31m─[0m[31m┬[0m[31m─[0m[31m─[0m[31m─[0m  
 [38;5;240m  │[0m       [31m╰[0m[31m─[0m[31m─[0m[31m─[0m[31m─[0m[31m─[0m not found in this scope
[38;5;246m───╯[0m
[31m[E0031] Error:[0m module not found
   [38;5;246m╭[0m[38;5;246m─[0m[38;5;246m[[0m .tmp/m034-s01-research-build/mesh-slug@1.0.0/main.mpl:5:3 [38;5;246m][0m
   [38;5;246m│[0m
 [38;5;246m5 │[0m [38;5;249mf[0m[38;5;249mr[0m[31mo[0m[31mm[0m[31m [0m[31mS[0m[31ml[0m[31mu[0m[31mg[0m[31m [0m[31mi[0m[31mm[0m[31mp[0m[31mo[0m[31mr[0m[31mt[0m[31m [0m[31ms[0m[31ml[0m[31mu[0m[31mg[0m[31mi[0m[31mf[0m[31my[0m[31m,[0m[31m [0m[31mt[0m[31mr[0m[31mu[0m[31mn[0m[31mc[0m[31ma[0m[31mt[0m[31me[0m[31m,[0m[31m [0m[31mi[0m[31ms[0m[31m_[0m[31mv[0m[31ma[0m[38;5;249ml[0m[38;5;249mi[0m[38;5;249md[0m
 [38;5;240m  │[0m   [31m─[0m[31m─[0m[31m─[0m[31m─[0m[31m─[0m[31m─[0m[31m─[0m[31m─[0m[31m─[0m[31m─[0m[31m─[0m[31m─[0m[31m─[0m[31m─[0m[31m─[0m[31m─[0m[31m─[0m[31m─[0m[31m─[0m[31m┬[0m[31m─[0m[31m─[0m[31m─[0m[31m─[0m[31m─[0m[31m─[0m[31m─[0m[31m─[0m[31m─[0m[31m─[0m[31m─[0m[31m─[0m[31m─[0m[31m─[0m[31m─[0m[31m─[0m[31m─[0m[31m─[0m[31m─[0m  
 [38;5;240m  │[0m                      [31m╰[0m[31m─[0m[31m─[0m[31m─[0m[31m─[0m[31m─[0m[31m─[0m[31m─[0m[31m─[0m[31m─[0m[31m─[0m[31m─[0m[31m─[0m[31m─[0m[31m─[0m[31m─[0m[31m─[0m[31m─[0m[31m─[0m[31m─[0m[31m─[0m[31m─[0m module `Slug` not found
[38;5;246m───╯[0m
[31m[E0004] Error:[0m undefined variable: slugify
   [38;5;246m╭[0m[38;5;246m─[0m[38;5;246m[[0m .tmp/m034-s01-research-build/mesh-slug@1.0.0/main.mpl:8:7 [38;5;246m][0m
   [38;5;246m│[0m
 [38;5;246m8 │[0m [38;5;249m [0m[38;5;249m [0m[38;5;249ml[0m[38;5;249me[0m[38;5;249mt[0m[38;5;249m [0m[31me[0m[31mx[0m[31ma[0m[31mm[0m[31mp[0m[31ml[0m[31me[0m[38;5;249m [0m[38;5;249m=[0m[38;5;249m [0m[38;5;249ms[0m[38;5;249ml[0m[38;5;249mu[0m[38;5;249mg[0m[38;5;249mi[0m[38;5;249mf[0m[38;5;249my[0m[38;5;249m([0m[38;5;249m"[0m[38;5;249mH[0m[38;5;249me[0m[38;5;249ml[0m[38;5;249ml[0m[38;5;249mo[0m[38;5;249m [0m[38;5;249mW[0m[38;5;249mo[0m[38;5;249mr[0m[38;5;249ml[0m[38;5;249md[0m[38;5;249m![0m[38;5;249m"[0m[38;5;249m)[0m
 [38;5;240m  │[0m       [31m─[0m[31m─[0m[31m─[0m[31m┬[0m[31m─[0m[31m─[0m[31m─[0m  
 [38;5;240m  │[0m          [31m╰[0m[31m─[0m[31m─[0m[31m─[0m[31m─[0m[31m─[0m not found in this scope
[38;5;246m───╯[0m
[31m[E0004] Error:[0m undefined variable: example
   [38;5;246m╭[0m[38;5;246m─[0m[38;5;246m[[0m .tmp/m034-s01-research-build/mesh-slug@1.0.0/main.mpl:8:39 [38;5;246m][0m
   [38;5;246m│[0m
 [38;5;246m8 │[0m [31m╭[0m[31m─[0m[31m▶[0m[31m [0m[38;5;249m [0m[38;5;249m [0m[38;5;249ml[0m[38;5;249me[0m[38;5;249mt[0m[38;5;249m [0m[38;5;249me[0m[38;5;249mx[0m[38;5;249ma[0m[38;5;249mm[0m[38;5;249mp[0m[38;5;249ml[0m[38;5;249me[0m[38;5;249m [0m[38;5;249m=[0m[38;5;249m [0m[38;5;249ms[0m[38;5;249ml[0m[38;5;249mu[0m[38;5;249mg[0m[38;5;249mi[0m[38;5;249mf[0m[38;5;249my[0m[38;5;249m([0m[38;5;249m"[0m[38;5;249mH[0m[38;5;249me[0m[38;5;249ml[0m[38;5;249ml[0m[38;5;249mo[0m[38;5;249m [0m[38;5;249mW[0m[38;5;249mo[0m[38;5;249mr[0m[38;5;249ml[0m[38;5;249md[0m[38;5;249m![0m[38;5;249m"[0m[31m)[0m
 [38;5;246m9 │[0m [31m├[0m[31m─[0m[31m▶[0m[31m [0m[31m [0m[31m [0m[31mp[0m[31mr[0m[31mi[0m[38;5;249mn[0m[38;5;249mt[0m[38;5;249ml[0m[38;5;249mn[0m[38;5;249m([0m[38;5;249me[0m[38;5;249mx[0m[38;5;249ma[0m[38;5;249mm[0m[38;5;249mp[0m[38;5;249ml[0m[38;5;249me[0m[38;5;249m)[0m
 [38;5;240m  │[0m [31m│[0m                        
 [38;5;240m  │[0m [31m╰[0m[31m─[0m[31m─[0m[31m─[0m[31m─[0m[31m─[0m[31m─[0m[31m─[0m[31m─[0m[31m─[0m[31m─[0m[31m─[0m[31m─[0m[31m─[0m[31m─[0m[31m─[0m[31m─[0m[31m─[0m[31m─[0m[31m─[0m[31m─[0m[31m─[0m[31m─[0m[31m─[0m[31m─[0m not found in this scope
[38;5;246m───╯[0m
[33m[W0001] Warning:[0m redundant match arm (arm 2)
    [38;5;246m╭[0m[38;5;246m─[0m[38;5;246m[[0m .tmp/m034-s01-research-build/mesh-slug@1.0.0/slug.mpl:56:96 [38;5;246m][0m
    [38;5;246m│[0m
 [38;5;246m56 │[0m [38;5;249m [0m[38;5;249m [0m[38;5;249m [0m[38;5;249m [0m[38;5;249mw[0m[38;5;249mo[0m[38;5;249mr[0m[38;5;249md[0m[38;5;249m [0m[38;5;249m:[0m[38;5;249m:[0m[38;5;249m [0m[38;5;249mr[0m[38;5;249me[0m[38;5;249ms[0m[38;5;249mt[0m[38;5;249m [0m[38;5;249m-[0m[38;5;249m>[0m[38;5;249m [0m[38;5;249mi[0m[38;5;249mf[0m[38;5;249m [0m[38;5;249mS[0m[38;5;249mt[0m[38;5;249mr[0m[38;5;249mi[0m[38;5;249mn[0m[38;5;249mg[0m[38;5;249m.[0m[38;5;249ml[0m[38;5;249me[0m[38;5;249mn[0m[38;5;249mg[0m[38;5;249mt[0m[38;5;249mh[0m[38;5;249m([0m[38;5;249mi[0m[38;5;249mf[0m[38;5;249m [0m[38;5;249mS[0m[38;5;249mt[0m[38;5;249mr[0m[38;5;249mi[0m[38;5;249mn[0m[38;5;249mg[0m[38;5;249m.[0m[38;5;249ml[0m[38;5;249me[0m[38;5;249mn[0m[38;5;249mg[0m[38;5;249mt[0m[38;5;249mh[0m[38;5;249m([0m[38;5;249ma[0m[38;5;249mc[0m[38;5;249mc[0m[38;5;249m)[0m[38;5;249m [0m[38;5;249m=[0m[38;5;249m=[0m[38;5;249m [0m[38;5;249m0[0m[38;5;249m [0m[38;5;249md[0m[38;5;249mo[0m[38;5;249m [0m[38;5;249mw[0m[38;5;249mo[0m[38;5;249mr[0m[38;5;249md[0m[38;5;249m [0m[38;5;249me[0m[38;5;249ml[0m[38;5;249ms[0m[38;5;249me[0m[38;5;249m [0m[38;5;249ma[0m[38;5;249mc[0m[38;5;249mc[0m[38;5;249m [0m[38;5;249m<[0m[38;5;249m>[0m[38;5;249m [0m[38;5;249m"[0m[38;5;249m-[0m[38;5;249m"[0m[38;5;249m [0m[38;5;249m<[0m[38;5;249m>[0m[38;5;249m [0m[38;5;249mw[0m[38;5;249mo[0m[38;5;249mr[0m[38;5;249md[0m[33m [0m[33me[0m[33mn[0m[33md[0m[33m)[0m[33m [0m[38;5;249m>[0m[38;5;249m [0m[38;5;249mm[0m[38;5;249ma[0m[38;5;249mx[0m[38;5;249m [0m[38;5;249md[0m[38;5;249mo[0m[38;5;249m [0m[38;5;249ma[0m[38;5;249mc[0m[38;5;249mc[0m[38;5;249m [0m[38;5;249me[0m[38;5;249ml[0m[38;5;249ms[0m[38;5;249me[0m[38;5;249m [0m[38;5;249ma[0m[38;5;249mc[0m[38;5;249mc[0m[38;5;249mu[0m[38;5;249mm[0m[38;5;249mu[0m[38;5;249ml[0m[38;5;249ma[0m[38;5;249mt[0m[38;5;249me[0m[38;5;249m_[0m[38;5;249mw[0m[38;5;249mo[0m[38;5;249mr[0m[38;5;249md[0m[38;5;249ms[0m[38;5;249m([0m[38;5;249mr[0m[38;5;249me[0m[38;5;249ms[0m[38;5;249mt[0m[38;5;249m,[0m[38;5;249m [0m[38;5;249mm[0m[38;5;249ma[0m[38;5;249mx[0m[38;5;249m,[0m[38;5;249m [0m[38;5;249mi[0m[38;5;249mf[0m[38;5;249m [0m[38;5;249mS[0m[38;5;249mt[0m[38;5;249mr[0m[38;5;249mi[0m[38;5;249mn[0m[38;5;249mg[0m[38;5;249m.[0m[38;5;249ml[0m[38;5;249me[0m[38;5;249mn[0m[38;5;249mg[0m[38;5;249mt[0m[38;5;249mh[0m[38;5;249m([0m[38;5;249ma[0m[38;5;249mc[0m[38;5;249mc[0m[38;5;249m)[0m[38;5;249m [0m[38;5;249m=[0m[38;5;249m=[0m[38;5;249m [0m[38;5;249m0[0m[38;5;249m [0m[38;5;249md[0m[38;5;249mo[0m[38;5;249m [0m[38;5;249mw[0m[38;5;249mo[0m[38;5;249mr[0m[38;5;249md[0m[38;5;249m [0m[38;5;249me[0m[38;5;249ml[0m[38;5;249ms[0m[38;5;249me[0m[38;5;249m [0m[38;5;249ma[0m[38;5;249mc[0m[38;5;249mc[0m[38;5;249m [0m[38;5;249m<[0m[38;5;249m>[0m[38;5;249m [0m[38;5;249m"[0m[38;5;249m-[0m[38;5;249m"[0m[38;5;249m [0m[38;5;249m<[0m[38;5;249m>[0m[38;5;249m [0m[38;5;249mw[0m[38;5;249mo[0m[38;5;249mr[0m[38;5;249md[0m[38;5;249m [0m[38;5;249me[0m[38;5;249mn[0m[38;5;249md[0m[38;5;249m)[0m[38;5;249m [0m[38;5;249me[0m[38;5;249mn[0m[38;5;249md[0m
 [38;5;240m   │[0m                                                                                                [33m─[0m[33m─[0m[33m─[0m[33m┬[0m[33m─[0m[33m─[0m  
 [38;5;240m   │[0m                                                                                                   [33m╰[0m[33m─[0m[33m─[0m[33m─[0m[33m─[0m this arm is unreachable
 [38;5;240m   │[0m 
 [38;5;240m   │[0m [38;5;115mHelp[0m: remove this arm or reorder the match
[38;5;246m────╯[0m
error: Compilation failed due to errors above.
